#
# There is insufficient memory for the Java Runtime Environment to continue.
# Native memory allocation (mmap) failed to map 268435456 bytes for Failed to commit area from 0x0000000700a00000 to 0x0000000710a00000 of length 268435456.
# Possible reasons:
#   The system is out of physical RAM or swap space
#   The process is running with CompressedOops enabled, and the Java Heap may be blocking the growth of the native heap
# Possible solutions:
#   Reduce memory load on the system
#   Increase physical memory or swap space
#   Check if swap backing store is full
#   Decrease Java heap size (-Xmx/-Xms)
#   Decrease number of Java threads
#   Decrease Java thread stack sizes (-Xss)
#   Set larger code cache with -XX:ReservedCodeCacheSize=
# This output file may be truncated or incomplete.
#
#  Out of Memory Error (./src/hotspot/os/windows/os_windows.cpp:3301), pid=13968, tid=20124
#
# JRE version:  (11.0.10) (build )
# Java VM: OpenJDK 64-Bit Server VM (11.0.10+0-b96-7249189, mixed mode, sharing, tiered, compressed oops, g1 gc, windows-amd64)
# No core dump will be written. Minidumps are not enabled by default on client versions of Windows
#

---------------  S U M M A R Y ------------

Command Line: org.jetbrains.git4idea.http.GitAskPassApp Username for 'https://github.com': 

Host: Intel(R) Core(TM) i5-7600K CPU @ 3.80GHz, 4 cores, 15G,  Windows 10 , 64 bit Build 19041 (10.0.19041.1348)
Time: Wed Jan 12 17:36:22 2022 Œrodkowoeuropejski czas stand. elapsed time: 0.015983 seconds (0d 0h 0m 0s)

---------------  T H R E A D  ---------------

Current thread (0x000001e9ed1a1800):  JavaThread "Unknown thread" [_thread_in_vm, id=20124, stack(0x000000a65e000000,0x000000a65e100000)]

Stack: [0x000000a65e000000,0x000000a65e100000]
Native frames: (J=compiled Java code, j=interpreted, Vv=VM code, C=native code)
V  [jvm.dll+0x5ecfaa]
V  [jvm.dll+0x722bd5]
V  [jvm.dll+0x72412d]
V  [jvm.dll+0x7247e3]
V  [jvm.dll+0x242928]
V  [jvm.dll+0x5ea374]
V  [jvm.dll+0x5df425]
V  [jvm.dll+0x2fdebb]
V  [jvm.dll+0x2fde2a]
V  [jvm.dll+0x2fdd02]
V  [jvm.dll+0x302bf6]
V  [jvm.dll+0x34b2a3]
V  [jvm.dll+0x34b9a6]
V  [jvm.dll+0x34b3a3]
V  [jvm.dll+0x2d8888]
V  [jvm.dll+0x2d9a37]
V  [jvm.dll+0x701737]
V  [jvm.dll+0x702f2c]
V  [jvm.dll+0x3587d9]
V  [jvm.dll+0x6e4fae]
V  [jvm.dll+0x3c0be3]
V  [jvm.dll+0x3c2e91]
C  [jli.dll+0x5373]
C  [ucrtbase.dll+0x21bb2]
C  [KERNEL32.DLL+0x17034]
C  [ntdll.dll+0x52651]


---------------  P R O C E S S  ---------------

Threads class SMR info:
_java_thread_list=0x000001e9eb080960, length=0, elements={
}

Java Threads: ( => current thread )

Other Threads:
  0x000001e9ed1b9800 GCTaskThread "GC Thread#0" [stack: 0x000000a65e100000,0x000000a65e200000] [id=13632]
  0x000001e9ed217000 ConcurrentGCThread "G1 Main Marker" [stack: 0x000000a65e200000,0x000000a65e300000] [id=20848]
  0x000001e9ed21a800 ConcurrentGCThread "G1 Conc#0" [stack: 0x000000a65e300000,0x000000a65e400000] [id=10256]

[error occurred during error reporting (printing all threads), id 0xc0000005, EXCEPTION_ACCESS_VIOLATION (0xc0000005) at pc=0x00007ff93a449107]

VM state:not at safepoint (not fully initialized)

VM Mutex/Monitor currently owned by a thread:  ([mutex/lock_event])
[0x000001e9ed19d900] Heap_lock - owner thread: 0x000001e9ed1a1800

Heap address: 0x0000000700a00000, size: 4086 MB, Compressed Oops mode: Non-zero based: 0x0000000700a00000
Narrow klass base: 0x0000000000000000, Narrow klass shift: 0

GC Heap History (0 events):
No events

Deoptimization events (0 events):
No events

Classes redefined (0 events):
No events

Internal exceptions (0 events):
No events

Events (1 events):
Event: 0.011 Loaded shared library E:\androdi studio\jre\bin\zip.dll


Dynamic libraries:
0x00007ff728740000 - 0x00007ff72874a000 	E:\androdi studio\jre\bin\java.exe
0x00007ff9888b0000 - 0x00007ff988aa5000 	C:\WINDOWS\SYSTEM32\ntdll.dll
0x00007ff975640000 - 0x00007ff975656000 	C:\Program Files\Avast Software\Avast\aswhook.dll
0x00007ff9886e0000 - 0x00007ff98879e000 	C:\WINDOWS\System32\KERNEL32.DLL
0x00007ff986270000 - 0x00007ff986538000 	C:\WINDOWS\System32\KERNELBASE.dll
0x00007ff986110000 - 0x00007ff986210000 	C:\WINDOWS\System32\ucrtbase.dll
0x00007ff9618a0000 - 0x00007ff9618b9000 	E:\androdi studio\jre\bin\jli.dll
0x00007ff987620000 - 0x00007ff9877c1000 	C:\WINDOWS\System32\USER32.dll
0x00007ff986240000 - 0x00007ff986262000 	C:\WINDOWS\System32\win32u.dll
0x00007ff986950000 - 0x00007ff98697b000 	C:\WINDOWS\System32\GDI32.dll
0x00007ff9865f0000 - 0x00007ff9866fd000 	C:\WINDOWS\System32\gdi32full.dll
0x00007ff986020000 - 0x00007ff9860bd000 	C:\WINDOWS\System32\msvcp_win.dll
0x00007ff96c430000 - 0x00007ff96c6ca000 	C:\WINDOWS\WinSxS\amd64_microsoft.windows.common-controls_6595b64144ccf1df_6.0.19041.1110_none_60b5254171f9507e\COMCTL32.dll
0x00007ff988400000 - 0x00007ff98849e000 	C:\WINDOWS\System32\msvcrt.dll
0x00007ff966eb0000 - 0x00007ff966ec7000 	E:\androdi studio\jre\bin\VCRUNTIME140.dll
0x00007ff9869f0000 - 0x00007ff986a20000 	C:\WINDOWS\System32\IMM32.DLL
0x00007ff955490000 - 0x00007ff95552d000 	E:\androdi studio\jre\bin\msvcp140.dll
0x00007ff93a160000 - 0x00007ff93ac2f000 	E:\androdi studio\jre\bin\server\jvm.dll
0x00007ff987340000 - 0x00007ff9873ec000 	C:\WINDOWS\System32\ADVAPI32.dll
0x00007ff986f20000 - 0x00007ff986fbb000 	C:\WINDOWS\System32\sechost.dll
0x00007ff986a80000 - 0x00007ff986baa000 	C:\WINDOWS\System32\RPCRT4.dll
0x00007ff987590000 - 0x00007ff987598000 	C:\WINDOWS\System32\PSAPI.DLL
0x00007ff97a780000 - 0x00007ff97a789000 	C:\WINDOWS\SYSTEM32\WSOCK32.dll
0x00007ff986980000 - 0x00007ff9869eb000 	C:\WINDOWS\System32\WS2_32.dll
0x00007ff97b7d0000 - 0x00007ff97b7f7000 	C:\WINDOWS\SYSTEM32\WINMM.dll
0x00007ff97f680000 - 0x00007ff97f68a000 	C:\WINDOWS\SYSTEM32\VERSION.dll
0x00007ff983f30000 - 0x00007ff983f42000 	C:\WINDOWS\SYSTEM32\kernel.appcore.dll
0x00007ff980340000 - 0x00007ff980351000 	E:\androdi studio\jre\bin\verify.dll
0x00007ff97d1b0000 - 0x00007ff97d394000 	C:\WINDOWS\SYSTEM32\DBGHELP.DLL
0x00007ff97d140000 - 0x00007ff97d16c000 	C:\WINDOWS\SYSTEM32\dbgcore.DLL
0x00007ff986700000 - 0x00007ff986782000 	C:\WINDOWS\System32\bcryptPrimitives.dll
0x00007ff97f750000 - 0x00007ff97f779000 	E:\androdi studio\jre\bin\java.dll
0x00007ff980190000 - 0x00007ff98019b000 	E:\androdi studio\jre\bin\jimage.dll
0x00007ff97fed0000 - 0x00007ff97fee8000 	E:\androdi studio\jre\bin\zip.dll

dbghelp: loaded successfully - version: 4.0.5 - missing functions: none
symbol engine: initialized successfully - sym options: 0x614 - pdb path: .;E:\androdi studio\jre\bin;C:\WINDOWS\SYSTEM32;C:\Program Files\Avast Software\Avast;C:\WINDOWS\WinSxS\amd64_microsoft.windows.common-controls_6595b64144ccf1df_6.0.19041.1110_none_60b5254171f9507e;E:\androdi studio\jre\bin\server

VM Arguments:
java_command: org.jetbrains.git4idea.http.GitAskPassApp Username for 'https://github.com': 
java_class_path (initial): E:/androdi studio/plugins/git4idea/lib/git4idea-rt.jar;E:/androdi studio/lib/xmlrpc-2.0.1.jar;E:/androdi studio/lib/commons-codec-1.14.jar
Launcher Type: SUN_STANDARD

[Global flags]
     intx CICompilerCount                          = 3                                         {product} {ergonomic}
     uint ConcGCThreads                            = 1                                         {product} {ergonomic}
     uint G1ConcRefinementThreads                  = 4                                         {product} {ergonomic}
   size_t G1HeapRegionSize                         = 1048576                                   {product} {ergonomic}
    uintx GCDrainStackTargetSize                   = 64                                        {product} {ergonomic}
   size_t InitialHeapSize                          = 268435456                                 {product} {ergonomic}
   size_t MarkStackSize                            = 4194304                                   {product} {ergonomic}
   size_t MaxHeapSize                              = 4284481536                                {product} {ergonomic}
   size_t MinHeapDeltaBytes                        = 1048576                                   {product} {ergonomic}
    uintx NonNMethodCodeHeapSize                   = 5830732                                {pd product} {ergonomic}
    uintx NonProfiledCodeHeapSize                  = 122913754                              {pd product} {ergonomic}
    uintx ProfiledCodeHeapSize                     = 122913754                              {pd product} {ergonomic}
    uintx ReservedCodeCacheSize                    = 251658240                              {pd product} {ergonomic}
     bool SegmentedCodeCache                       = true                                      {product} {ergonomic}
     bool UseCompressedClassPointers               = true                                 {lp64_product} {ergonomic}
     bool UseCompressedOops                        = true                                 {lp64_product} {ergonomic}
     bool UseG1GC                                  = true                                      {product} {ergonomic}
     bool UseLargePagesIndividualAllocation        = false                                  {pd product} {ergonomic}

Logging:
Log output configuration:
 #0: stdout all=warning uptime,level,tags
 #1: stderr all=off uptime,level,tags

Environment Variables:
PATH=C:\Program Files\Git\mingw64\libexec\git-core;C:\Program Files\Git\mingw64\libexec\git-core;C:\Program Files\Git\mingw64\bin;C:\Program Files\Git\usr\bin;C:\Users\karol\bin;C:\WINDOWS\system32;C:\WINDOWS;C:\WINDOWS\System32\Wbem;C:\WINDOWS\System32\WindowsPowerShell\v1.0;C:\WINDOWS\System32\OpenSSH;C:\xampp\php;C:\ProgramData\ComposerSetup\bin\composer;C:\ProgramData\ComposerSetup\bin;C:\Program Files\Git\cmd;E:\java libs\jnetpcap-1.4.r1425;C:\Users\karol\AppData\Local\Programs\Python\Python38\Scripts;C:\Users\karol\AppData\Local\Programs\Python\Python38;C:\Users\karol\AppData\Local\Microsoft\WindowsApps;C:\Users\karol\AppData\Roaming\Composer\vendor\bin;C:\Users\karol\AppData\Local\Programs\Microsoft VS Code\bin;C:\Program Files (x86)\Common Files\Oracle\Java\javapath
USERNAME=karol
DISPLAY=:0.0
LC_ALL=en_US.UTF-8
OS=Windows_NT
PROCESSOR_IDENTIFIER=Intel64 Family 6 Model 158 Stepping 9, GenuineIntel



---------------  S Y S T E M  ---------------

OS: Windows 10 , 64 bit Build 19041 (10.0.19041.1348)
OS uptime: 7 days 7:50 hours

CPU:total 4 (initial active 4) (4 cores per cpu, 1 threads per core) family 6 model 158 stepping 9 microcode 0xb4, cmov, cx8, fxsr, mmx, sse, sse2, sse3, ssse3, sse4.1, sse4.2, popcnt, avx, avx2, aes, clmul, erms, rtm, 3dnowpref, lzcnt, tsc, tscinvbit, bmi1, bmi2, adx, fma

Memory: 4k page, system-wide physical 16342M (3001M free)
TotalPageFile size 20438M (AvailPageFile size 128M)
current process WorkingSet (physical memory assigned to process): 10M, peak: 10M
current process commit charge ("private bytes"): 52M, peak: 308M

vm_info: OpenJDK 64-Bit Server VM (11.0.10+0-b96-7249189) for windows-amd64 JRE (11.0.10+0-b96-7249189), built on Mar 31 2021 21:44:00 by "builder" with MS VC++ 14.0 (VS2015)

END.
